<?xml version="1.0" encoding="UTF-8"?>
<!-- Generated by org.testng.reporters.JUnitXMLReporter -->
<testsuite hostname="infpu013423" ignored="0" name="Default test" tests="5" failures="0" timestamp="05 Jun 2017 12:40:53 GMT" time="13.667" errors="0">
  <testcase name="verifyPageTitle" time="0.074" classname="com.MSDS_test.LoginTest"/>
  <testcase name="verifyLoginPage" time="0.738" classname="com.MSDS_test.LoginTest"/>
  <testcase name="enterBlankLoginDetails" time="0.238" classname="com.MSDS_test.LoginTest"/>
  <testcase name="enter_WrongLoginDetails" time="0.365" classname="com.MSDS_test.LoginTest"/>
  <testcase name="enter_CorrectLoginDetails" time="0.522" classname="com.MSDS_test.LoginTest"/>
</testsuite> <!-- Default test -->
